0 info it worked if it ends with ok
1 verbose cli [ '/usr/local/bin/node',
1 verbose cli   '/usr/local/bin/npm',
1 verbose cli   'run',
1 verbose cli   'test',
1 verbose cli   '--args',
1 verbose cli   '--no-cache' ]
2 info using npm@6.4.0
3 info using node@v8.11.2
4 verbose run-script [ 'pretest', 'test', 'posttest' ]
5 info lifecycle blabla@0.0.1~pretest: blabla@0.0.1
6 info lifecycle blabla@0.0.1~test: blabla@0.0.1
7 verbose lifecycle blabla@0.0.1~test: unsafe-perm in lifecycle true
8 verbose lifecycle blabla@0.0.1~test: PATH: /usr/local/lib/node_modules/npm/node_modules/npm-lifecycle/node-gyp-bin:/Users/macos/Desktop/Project/React-Native/blabla/node_modules/.bin:/usr/local/bin:/usr/bin:/bin:/usr/sbin:/sbin:/Applications/Wireshark.app/Contents/MacOS:/Users/macos/Desktop:/Users/macos/Library/Android/sdk//emulator/:/Users/macos/MongoDB/mongodb-osx-x86_64-3.6.2/bin:/Users/macos/Downloads/apache-maven-3.5.2/bin:/Users/macos/Desktop:/Users/macos/Library/Android/sdk//emulator/:/Users/macos/MongoDB/mongodb-osx-x86_64-3.6.2/bin:/Users/macos/Downloads/apache-maven-3.5.2/bin
9 verbose lifecycle blabla@0.0.1~test: CWD: /Users/macos/Desktop/Project/React-Native/blabla
10 silly lifecycle blabla@0.0.1~test: Args: [ '-c', 'jest' ]
11 silly lifecycle blabla@0.0.1~test: Returned: code: 1  signal: null
12 info lifecycle blabla@0.0.1~test: Failed to exec test script
13 verbose stack Error: blabla@0.0.1 test: `jest`
13 verbose stack Exit status 1
13 verbose stack     at EventEmitter.<anonymous> (/usr/local/lib/node_modules/npm/node_modules/npm-lifecycle/index.js:304:16)
13 verbose stack     at emitTwo (events.js:126:13)
13 verbose stack     at EventEmitter.emit (events.js:214:7)
13 verbose stack     at ChildProcess.<anonymous> (/usr/local/lib/node_modules/npm/node_modules/npm-lifecycle/lib/spawn.js:55:14)
13 verbose stack     at emitTwo (events.js:126:13)
13 verbose stack     at ChildProcess.emit (events.js:214:7)
13 verbose stack     at maybeClose (internal/child_process.js:925:16)
13 verbose stack     at Process.ChildProcess._handle.onexit (internal/child_process.js:209:5)
14 verbose pkgid blabla@0.0.1
15 verbose cwd /Users/macos/Desktop/Project/React-Native/blabla
16 verbose Darwin 17.6.0
17 verbose argv "/usr/local/bin/node" "/usr/local/bin/npm" "run" "test" "--args" "--no-cache"
18 verbose node v8.11.2
19 verbose npm  v6.4.0
20 error code ELIFECYCLE
21 error errno 1
22 error blabla@0.0.1 test: `jest`
22 error Exit status 1
23 error Failed at the blabla@0.0.1 test script.
23 error This is probably not a problem with npm. There is likely additional logging output above.
24 verbose exit [ 1, true ]
